<?xml version="1.0" encoding="UTF-8"?>
<!-- Generated by org.testng.reporters.JUnitReportReporter -->
<testsuite skipped="0" hostname="DESKTOP-FVI8QA4" name="tests.SwippingAction" tests="1" failures="0" timestamp="30 Jan 2020 10:38:04 GMT" time="18.492" errors="0">
  <testcase name="clickon" time="18.492" classname="tests.SwippingAction"/>
</testsuite> <!-- tests.SwippingAction -->
