<?xml version="1.0" encoding="UTF-8"?>
<!-- Generated by org.testng.reporters.JUnitReportReporter -->
<testsuite skipped="0" hostname="DESKTOP-FVI8QA4" name="tests.ScrollToLink" tests="1" failures="0" timestamp="30 Jan 2020 11:16:22 GMT" time="16.537" errors="0">
  <testcase name="ScrollToSpiecialLink" time="16.537" classname="tests.ScrollToLink"/>
</testsuite> <!-- tests.ScrollToLink -->
