<?xml version="1.0" encoding="UTF-8"?>
<!-- Generated by org.testng.reporters.JUnitReportReporter -->
<testsuite skipped="0" hostname="DESKTOP-FVI8QA4" name="tests.Learn2" tests="1" failures="0" timestamp="09 Dec 2019 13:35:31 GMT" time="4.199" errors="0">
  <testcase name="clickon" time="4.199" classname="tests.Learn2"/>
</testsuite> <!-- tests.Learn2 -->
