<?xml version="1.0" encoding="UTF-8"?>
<!-- Generated by org.testng.reporters.JUnitReportReporter -->
<testsuite skipped="0" hostname="DESKTOP-FVI8QA4" name="tests.Base" tests="1" failures="0" timestamp="04 Dec 2019 12:56:06 GMT" time="26.695" errors="0">
  <testcase name="startEmelator" time="26.695" classname="tests.Base"/>
</testsuite> <!-- tests.Base -->
