<?xml version="1.0" encoding="UTF-8"?>
<!-- Generated by org.testng.reporters.JUnitReportReporter -->
<testsuite skipped="0" hostname="DESKTOP-FVI8QA4" name="tests.CashLogin" tests="1" failures="0" timestamp="09 Dec 2019 12:52:45 GMT" time="11.492" errors="0">
  <testcase name="UserCanLoginSuccessfully" time="11.492" classname="tests.CashLogin"/>
</testsuite> <!-- tests.CashLogin -->
