<?xml version="1.0" encoding="UTF-8"?>
<!-- Generated by org.testng.reporters.JUnitReportReporter -->
<testsuite skipped="0" hostname="DESKTOP-FVI8QA4" name="tests.GoogleTestCase" tests="1" failures="0" timestamp="30 Jan 2020 15:29:46 GMT" time="5.580" errors="0">
  <testcase name="UserCanSearchIngoogleSuccessfully" time="5.580" classname="tests.GoogleTestCase"/>
</testsuite> <!-- tests.GoogleTestCase -->
