<?xml version="1.0" encoding="UTF-8"?>
<!-- Generated by org.testng.reporters.JUnitReportReporter -->
<testsuite skipped="0" hostname="DESKTOP-FVI8QA4" name="tests.ScrollInAction" tests="1" failures="0" timestamp="11 Dec 2019 16:06:42 GMT" time="21.618" errors="0">
  <testcase name="clickon" time="21.618" classname="tests.ScrollInAction"/>
</testsuite> <!-- tests.ScrollInAction -->
