<?xml version="1.0" encoding="UTF-8"?>
<!-- Generated by org.testng.reporters.JUnitReportReporter -->
<testsuite skipped="0" hostname="DESKTOP-FVI8QA4" name="tests.SwippingAction" tests="1" failures="0" timestamp="11 Dec 2019 13:02:50 GMT" time="13.114" errors="0">
  <testcase name="clickon" time="13.114" classname="tests.SwippingAction"/>
</testsuite> <!-- tests.SwippingAction -->
