<?xml version="1.0" encoding="UTF-8"?>
<!-- Generated by org.testng.reporters.JUnitReportReporter -->
<testsuite skipped="0" hostname="DESKTOP-FVI8QA4" name="tests.TouchAction" tests="1" failures="0" timestamp="10 Dec 2019 15:25:36 GMT" time="14.552" errors="0">
  <testcase name="clickon" time="14.552" classname="tests.TouchAction"/>
</testsuite> <!-- tests.TouchAction -->
