<?xml version="1.0" encoding="UTF-8"?>
<!-- Generated by org.testng.reporters.JUnitReportReporter -->
<testsuite skipped="0" hostname="DESKTOP-FVI8QA4" name="tests.TouchAction" tests="1" failures="0" timestamp="30 Jan 2020 12:45:01 GMT" time="39.426" errors="0">
  <testcase name="clickon" time="39.426" classname="tests.TouchAction"/>
</testsuite> <!-- tests.TouchAction -->
